2024-10-04 16:56:56,982 - uvicorn.error - INFO - Started server process [13748]
2024-10-04 16:56:56,983 - uvicorn.error - INFO - Waiting for application startup.
2024-10-04 16:56:56,983 - uvicorn.error - INFO - Application startup complete.
2024-10-04 16:56:56,984 - uvicorn.error - INFO - Uvicorn running on http://0.0.0.0:8000 (Press CTRL+C to quit)
2024-10-04 16:57:13,923 - uvicorn.access - INFO - 127.0.0.1:55658 - "GET /docs HTTP/1.1" 200
2024-10-04 16:57:14,181 - uvicorn.access - INFO - 127.0.0.1:55658 - "GET /openapi.json HTTP/1.1" 200
2024-10-07 08:14:02,486 - uvicorn.error - INFO - Shutting down
2024-10-07 08:14:02,616 - uvicorn.error - INFO - Waiting for application shutdown.
2024-10-07 08:14:02,625 - uvicorn.error - INFO - Application shutdown complete.
2024-10-07 08:14:02,626 - uvicorn.error - INFO - Finished server process [13748]
2024-10-07 15:01:31,769 - uvicorn.error - INFO - Started server process [312]
2024-10-07 15:01:31,769 - uvicorn.error - INFO - Waiting for application startup.
2024-10-07 15:01:31,770 - uvicorn.error - INFO - Application startup complete.
2024-10-07 15:01:31,770 - uvicorn.error - INFO - Uvicorn running on http://0.0.0.0:8000 (Press CTRL+C to quit)
2024-10-07 15:01:45,251 - uvicorn.access - INFO - 127.0.0.1:60846 - "GET /docs HTTP/1.1" 200
2024-10-07 15:01:45,594 - uvicorn.access - INFO - 127.0.0.1:60846 - "GET /openapi.json HTTP/1.1" 200
2024-10-07 15:01:53,308 - uvicorn.access - INFO - 127.0.0.1:60847 - "GET /docs HTTP/1.1" 200
2024-10-07 15:01:53,475 - uvicorn.access - INFO - 127.0.0.1:60847 - "GET /openapi.json HTTP/1.1" 200
2024-10-07 15:01:57,148 - uvicorn.access - INFO - 127.0.0.1:60847 - "GET /docs HTTP/1.1" 200
2024-10-07 15:01:57,339 - uvicorn.access - INFO - 127.0.0.1:60847 - "GET /openapi.json HTTP/1.1" 200
2024-10-07 16:21:16,706 - uvicorn.error - INFO - Shutting down
2024-10-07 16:21:16,813 - uvicorn.error - INFO - Waiting for application shutdown.
2024-10-07 16:21:16,816 - uvicorn.error - INFO - Application shutdown complete.
2024-10-07 16:21:16,817 - uvicorn.error - INFO - Finished server process [312]
2024-10-08 10:05:53,298 - uvicorn.error - INFO - Started server process [9952]
2024-10-08 10:05:53,299 - uvicorn.error - INFO - Waiting for application startup.
2024-10-08 10:05:53,299 - uvicorn.error - INFO - ASGI 'lifespan' protocol appears unsupported.
2024-10-08 10:05:53,299 - uvicorn.error - INFO - Application startup complete.
2024-10-08 10:05:53,299 - uvicorn.error - INFO - Uvicorn running on http://0.0.0.0:8000 (Press CTRL+C to quit)
2024-10-08 10:06:19,180 - uvicorn.error - INFO - Shutting down
2024-10-08 10:06:19,290 - uvicorn.error - INFO - Finished server process [9952]
2024-10-08 10:07:27,113 - uvicorn.error - INFO - Started server process [11348]
2024-10-08 10:07:27,113 - uvicorn.error - INFO - Waiting for application startup.
2024-10-08 10:07:27,113 - uvicorn.error - INFO - ASGI 'lifespan' protocol appears unsupported.
2024-10-08 10:07:27,113 - uvicorn.error - INFO - Application startup complete.
2024-10-08 10:07:27,113 - uvicorn.error - INFO - Uvicorn running on http://0.0.0.0:8000 (Press CTRL+C to quit)
2024-10-08 10:07:36,512 - uvicorn.error - INFO - Shutting down
2024-10-08 10:07:36,623 - uvicorn.error - INFO - Finished server process [11348]
2024-10-08 10:07:47,583 - uvicorn.error - INFO - Started server process [2144]
2024-10-08 10:07:47,583 - uvicorn.error - INFO - Waiting for application startup.
2024-10-08 10:07:47,583 - uvicorn.error - INFO - ASGI 'lifespan' protocol appears unsupported.
2024-10-08 10:07:47,583 - uvicorn.error - INFO - Application startup complete.
2024-10-08 10:07:47,584 - uvicorn.error - INFO - Uvicorn running on http://0.0.0.0:8000 (Press CTRL+C to quit)
2024-10-08 10:08:05,399 - uvicorn.error - INFO - Shutting down
2024-10-08 10:08:05,508 - uvicorn.error - INFO - Finished server process [2144]
2024-10-08 10:08:10,181 - uvicorn.error - INFO - Started server process [9716]
2024-10-08 10:08:10,181 - uvicorn.error - INFO - Waiting for application startup.
2024-10-08 10:08:10,181 - uvicorn.error - INFO - ASGI 'lifespan' protocol appears unsupported.
2024-10-08 10:08:10,182 - uvicorn.error - INFO - Application startup complete.
2024-10-08 10:08:10,182 - uvicorn.error - INFO - Uvicorn running on http://127.0.0.1:8000 (Press CTRL+C to quit)
2024-10-08 10:08:13,073 - uvicorn.error - ERROR - Exception in ASGI application
Traceback (most recent call last):
  File "C:\Users\Админ\Desktop\handler\venv\lib\site-packages\uvicorn\protocols\http\h11_impl.py", line 406, in run_asgi
    result = await app(  # type: ignore[func-returns-value]
  File "C:\Users\Админ\Desktop\handler\venv\lib\site-packages\uvicorn\middleware\proxy_headers.py", line 70, in __call__
    return await self.app(scope, receive, send)
  File "C:\Users\Админ\Desktop\handler\venv\lib\site-packages\uvicorn\middleware\asgi2.py", line 14, in __call__
    instance = self.app(scope)
TypeError: ASGIMiddleware.__call__() missing 1 required positional argument: 'start_response'
2024-10-08 10:08:13,077 - uvicorn.access - INFO - 127.0.0.1:49628 - "GET / HTTP/1.1" 500
2024-10-08 10:08:13,298 - uvicorn.error - ERROR - Exception in ASGI application
Traceback (most recent call last):
  File "C:\Users\Админ\Desktop\handler\venv\lib\site-packages\uvicorn\protocols\http\h11_impl.py", line 406, in run_asgi
    result = await app(  # type: ignore[func-returns-value]
  File "C:\Users\Админ\Desktop\handler\venv\lib\site-packages\uvicorn\middleware\proxy_headers.py", line 70, in __call__
    return await self.app(scope, receive, send)
  File "C:\Users\Админ\Desktop\handler\venv\lib\site-packages\uvicorn\middleware\asgi2.py", line 14, in __call__
    instance = self.app(scope)
TypeError: ASGIMiddleware.__call__() missing 1 required positional argument: 'start_response'
2024-10-08 10:08:13,299 - uvicorn.access - INFO - 127.0.0.1:49627 - "GET /favicon.ico HTTP/1.1" 500
2024-10-08 10:08:29,110 - uvicorn.error - ERROR - Exception in ASGI application
Traceback (most recent call last):
  File "C:\Users\Админ\Desktop\handler\venv\lib\site-packages\uvicorn\protocols\http\h11_impl.py", line 406, in run_asgi
    result = await app(  # type: ignore[func-returns-value]
  File "C:\Users\Админ\Desktop\handler\venv\lib\site-packages\uvicorn\middleware\proxy_headers.py", line 70, in __call__
    return await self.app(scope, receive, send)
  File "C:\Users\Админ\Desktop\handler\venv\lib\site-packages\uvicorn\middleware\asgi2.py", line 14, in __call__
    instance = self.app(scope)
TypeError: ASGIMiddleware.__call__() missing 1 required positional argument: 'start_response'
2024-10-08 10:08:29,110 - uvicorn.access - INFO - 127.0.0.1:49630 - "GET /docs HTTP/1.1" 500
2024-10-08 10:08:29,262 - uvicorn.error - ERROR - Exception in ASGI application
Traceback (most recent call last):
  File "C:\Users\Админ\Desktop\handler\venv\lib\site-packages\uvicorn\protocols\http\h11_impl.py", line 406, in run_asgi
    result = await app(  # type: ignore[func-returns-value]
  File "C:\Users\Админ\Desktop\handler\venv\lib\site-packages\uvicorn\middleware\proxy_headers.py", line 70, in __call__
    return await self.app(scope, receive, send)
  File "C:\Users\Админ\Desktop\handler\venv\lib\site-packages\uvicorn\middleware\asgi2.py", line 14, in __call__
    instance = self.app(scope)
TypeError: ASGIMiddleware.__call__() missing 1 required positional argument: 'start_response'
2024-10-08 10:08:29,262 - uvicorn.access - INFO - 127.0.0.1:49631 - "GET /favicon.ico HTTP/1.1" 500
2024-10-08 10:15:31,934 - uvicorn.error - INFO - Shutting down
2024-10-08 10:15:32,048 - uvicorn.error - INFO - Finished server process [9716]
2024-10-08 10:15:34,553 - uvicorn.error - INFO - Started server process [10032]
2024-10-08 10:15:34,553 - uvicorn.error - INFO - Waiting for application startup.
2024-10-08 10:15:34,553 - uvicorn.error - INFO - Application startup complete.
2024-10-08 10:15:34,554 - uvicorn.error - INFO - Uvicorn running on http://127.0.0.1:8000 (Press CTRL+C to quit)
2024-10-08 10:15:37,094 - uvicorn.access - INFO - 127.0.0.1:49711 - "GET / HTTP/1.1" 404
2024-10-08 10:15:37,423 - uvicorn.access - INFO - 127.0.0.1:49711 - "GET /favicon.ico HTTP/1.1" 404
2024-10-08 10:15:49,599 - uvicorn.access - INFO - 127.0.0.1:49717 - "GET /docs HTTP/1.1" 200
2024-10-08 10:15:49,995 - uvicorn.access - INFO - 127.0.0.1:49717 - "GET /openapi.json HTTP/1.1" 200
2024-10-08 10:16:29,656 - uvicorn.access - INFO - 127.0.0.1:49727 - "POST /main_handler/?method=crm.deal.get&client_secret=asdfa&params=sf HTTP/1.1" 500
2024-10-08 10:16:29,657 - uvicorn.error - ERROR - Exception in ASGI application
Traceback (most recent call last):
  File "C:\Users\Админ\Desktop\handler\venv\lib\site-packages\uvicorn\protocols\http\h11_impl.py", line 406, in run_asgi
    result = await app(  # type: ignore[func-returns-value]
  File "C:\Users\Админ\Desktop\handler\venv\lib\site-packages\uvicorn\middleware\proxy_headers.py", line 70, in __call__
    return await self.app(scope, receive, send)
  File "C:\Users\Админ\Desktop\handler\venv\lib\site-packages\fastapi\applications.py", line 1054, in __call__
    await super().__call__(scope, receive, send)
  File "C:\Users\Админ\Desktop\handler\venv\lib\site-packages\starlette\applications.py", line 123, in __call__
    await self.middleware_stack(scope, receive, send)
  File "C:\Users\Админ\Desktop\handler\venv\lib\site-packages\starlette\middleware\errors.py", line 186, in __call__
    raise exc
  File "C:\Users\Админ\Desktop\handler\venv\lib\site-packages\starlette\middleware\errors.py", line 164, in __call__
    await self.app(scope, receive, _send)
  File "C:\Users\Админ\Desktop\handler\venv\lib\site-packages\starlette\middleware\exceptions.py", line 65, in __call__
    await wrap_app_handling_exceptions(self.app, conn)(scope, receive, send)
  File "C:\Users\Админ\Desktop\handler\venv\lib\site-packages\starlette\_exception_handler.py", line 64, in wrapped_app
    raise exc
  File "C:\Users\Админ\Desktop\handler\venv\lib\site-packages\starlette\_exception_handler.py", line 53, in wrapped_app
    await app(scope, receive, sender)
  File "C:\Users\Админ\Desktop\handler\venv\lib\site-packages\starlette\routing.py", line 754, in __call__
    await self.middleware_stack(scope, receive, send)
  File "C:\Users\Админ\Desktop\handler\venv\lib\site-packages\starlette\routing.py", line 774, in app
    await route.handle(scope, receive, send)
  File "C:\Users\Админ\Desktop\handler\venv\lib\site-packages\starlette\routing.py", line 295, in handle
    await self.app(scope, receive, send)
  File "C:\Users\Админ\Desktop\handler\venv\lib\site-packages\starlette\routing.py", line 77, in app
    await wrap_app_handling_exceptions(app, request)(scope, receive, send)
  File "C:\Users\Админ\Desktop\handler\venv\lib\site-packages\starlette\_exception_handler.py", line 64, in wrapped_app
    raise exc
  File "C:\Users\Админ\Desktop\handler\venv\lib\site-packages\starlette\_exception_handler.py", line 53, in wrapped_app
    await app(scope, receive, sender)
  File "C:\Users\Админ\Desktop\handler\venv\lib\site-packages\starlette\routing.py", line 74, in app
    response = await f(request)
  File "C:\Users\Админ\Desktop\handler\venv\lib\site-packages\fastapi\routing.py", line 297, in app
    raw_response = await run_endpoint_function(
  File "C:\Users\Админ\Desktop\handler\venv\lib\site-packages\fastapi\routing.py", line 210, in run_endpoint_function
    return await dependant.call(**values)
  File "C:\Users\Админ\Desktop\handler\handler.py", line 73, in main_handler
    check_token(client_secret)
  File "C:\Users\Админ\Desktop\handler\functions.py", line 6, in check_token
    assert client_secret == getenv("CLIENT_SECRET"), "Invalid Token"
AssertionError: Invalid Token
2024-10-08 10:17:25,875 - uvicorn.error - INFO - Shutting down
2024-10-08 10:17:25,974 - uvicorn.error - INFO - Waiting for application shutdown.
2024-10-08 10:17:25,974 - uvicorn.error - INFO - Application shutdown complete.
2024-10-08 10:17:25,974 - uvicorn.error - INFO - Finished server process [10032]
2024-10-08 10:17:33,086 - uvicorn.error - INFO - Started server process [7768]
2024-10-08 10:17:33,087 - uvicorn.error - INFO - Waiting for application startup.
2024-10-08 10:17:33,087 - uvicorn.error - INFO - Application startup complete.
2024-10-08 10:17:33,087 - uvicorn.error - INFO - Uvicorn running on http://127.0.0.1:8000 (Press CTRL+C to quit)
2024-10-08 10:17:36,958 - uvicorn.access - INFO - 127.0.0.1:49736 - "GET /docs HTTP/1.1" 200
2024-10-08 10:17:37,168 - uvicorn.access - INFO - 127.0.0.1:49736 - "GET /openapi.json HTTP/1.1" 200
2024-10-08 10:17:45,141 - uvicorn.access - INFO - 127.0.0.1:49738 - "POST /test/?test=asdfasdf HTTP/1.1" 200
2024-10-08 10:17:53,422 - uvicorn.access - INFO - 127.0.0.1:49739 - "POST /test/?test=asdfasdf HTTP/1.1" 200
2024-10-08 10:17:55,233 - uvicorn.access - INFO - 127.0.0.1:49739 - "POST /test/?test=asdfasdf HTTP/1.1" 200
2024-10-08 10:19:17,292 - uvicorn.error - INFO - Shutting down
2024-10-08 10:19:17,401 - uvicorn.error - INFO - Waiting for application shutdown.
2024-10-08 10:19:17,401 - uvicorn.error - INFO - Application shutdown complete.
2024-10-08 10:19:17,401 - uvicorn.error - INFO - Finished server process [7768]
2024-10-08 10:19:19,794 - uvicorn.error - INFO - Started server process [13284]
2024-10-08 10:19:19,794 - uvicorn.error - INFO - Waiting for application startup.
2024-10-08 10:19:19,795 - uvicorn.error - INFO - Application startup complete.
2024-10-08 10:19:19,795 - uvicorn.error - INFO - Uvicorn running on http://127.0.0.1:8000 (Press CTRL+C to quit)
2024-10-08 10:19:21,626 - uvicorn.access - INFO - 127.0.0.1:49747 - "POST /test/?test=asdfasdf HTTP/1.1" 200
2024-10-08 10:22:15,333 - uvicorn.error - INFO - Shutting down
2024-10-08 10:22:15,443 - uvicorn.error - INFO - Waiting for application shutdown.
2024-10-08 10:22:15,443 - uvicorn.error - INFO - Application shutdown complete.
2024-10-08 10:22:15,443 - uvicorn.error - INFO - Finished server process [13284]
2024-10-08 10:22:18,443 - uvicorn.error - INFO - Started server process [9160]
2024-10-08 10:22:18,443 - uvicorn.error - INFO - Waiting for application startup.
2024-10-08 10:22:18,444 - uvicorn.error - INFO - Application startup complete.
2024-10-08 10:22:18,444 - uvicorn.error - INFO - Uvicorn running on http://127.0.0.1:8000 (Press CTRL+C to quit)
2024-10-08 10:22:26,867 - uvicorn.access - INFO - 127.0.0.1:49792 - "POST /test/?test=asdfasdf HTTP/1.1" 422
2024-10-08 10:22:29,343 - uvicorn.access - INFO - 127.0.0.1:49792 - "GET /docs HTTP/1.1" 200
2024-10-08 10:22:29,622 - uvicorn.access - INFO - 127.0.0.1:49792 - "GET /openapi.json HTTP/1.1" 200
2024-10-08 10:22:43,080 - uvicorn.access - INFO - 127.0.0.1:49794 - "POST /test/?test=1 HTTP/1.1" 200
2024-10-08 10:22:50,873 - uvicorn.access - INFO - 127.0.0.1:49796 - "POST /test/?test=0 HTTP/1.1" 500
2024-10-08 10:22:50,873 - uvicorn.error - ERROR - Exception in ASGI application
Traceback (most recent call last):
  File "C:\Users\Админ\Desktop\handler\venv\lib\site-packages\uvicorn\protocols\http\h11_impl.py", line 406, in run_asgi
    result = await app(  # type: ignore[func-returns-value]
  File "C:\Users\Админ\Desktop\handler\venv\lib\site-packages\uvicorn\middleware\proxy_headers.py", line 70, in __call__
    return await self.app(scope, receive, send)
  File "C:\Users\Админ\Desktop\handler\venv\lib\site-packages\fastapi\applications.py", line 1054, in __call__
    await super().__call__(scope, receive, send)
  File "C:\Users\Админ\Desktop\handler\venv\lib\site-packages\starlette\applications.py", line 123, in __call__
    await self.middleware_stack(scope, receive, send)
  File "C:\Users\Админ\Desktop\handler\venv\lib\site-packages\starlette\middleware\errors.py", line 186, in __call__
    raise exc
  File "C:\Users\Админ\Desktop\handler\venv\lib\site-packages\starlette\middleware\errors.py", line 164, in __call__
    await self.app(scope, receive, _send)
  File "C:\Users\Админ\Desktop\handler\venv\lib\site-packages\starlette\middleware\exceptions.py", line 65, in __call__
    await wrap_app_handling_exceptions(self.app, conn)(scope, receive, send)
  File "C:\Users\Админ\Desktop\handler\venv\lib\site-packages\starlette\_exception_handler.py", line 64, in wrapped_app
    raise exc
  File "C:\Users\Админ\Desktop\handler\venv\lib\site-packages\starlette\_exception_handler.py", line 53, in wrapped_app
    await app(scope, receive, sender)
  File "C:\Users\Админ\Desktop\handler\venv\lib\site-packages\starlette\routing.py", line 754, in __call__
    await self.middleware_stack(scope, receive, send)
  File "C:\Users\Админ\Desktop\handler\venv\lib\site-packages\starlette\routing.py", line 774, in app
    await route.handle(scope, receive, send)
  File "C:\Users\Админ\Desktop\handler\venv\lib\site-packages\starlette\routing.py", line 295, in handle
    await self.app(scope, receive, send)
  File "C:\Users\Админ\Desktop\handler\venv\lib\site-packages\starlette\routing.py", line 77, in app
    await wrap_app_handling_exceptions(app, request)(scope, receive, send)
  File "C:\Users\Админ\Desktop\handler\venv\lib\site-packages\starlette\_exception_handler.py", line 64, in wrapped_app
    raise exc
  File "C:\Users\Админ\Desktop\handler\venv\lib\site-packages\starlette\_exception_handler.py", line 53, in wrapped_app
    await app(scope, receive, sender)
  File "C:\Users\Админ\Desktop\handler\venv\lib\site-packages\starlette\routing.py", line 74, in app
    response = await f(request)
  File "C:\Users\Админ\Desktop\handler\venv\lib\site-packages\fastapi\routing.py", line 297, in app
    raw_response = await run_endpoint_function(
  File "C:\Users\Админ\Desktop\handler\venv\lib\site-packages\fastapi\routing.py", line 210, in run_endpoint_function
    return await dependant.call(**values)
  File "C:\Users\Админ\Desktop\handler\handler.py", line 326, in task_panel
    print(10 / test)
ZeroDivisionError: division by zero
2024-10-08 10:24:37,259 - uvicorn.error - INFO - Shutting down
2024-10-08 10:24:37,367 - uvicorn.error - INFO - Waiting for application shutdown.
2024-10-08 10:24:37,367 - uvicorn.error - INFO - Application shutdown complete.
2024-10-08 10:24:37,367 - uvicorn.error - INFO - Finished server process [9160]
2024-10-08 10:37:12,287 - uvicorn.error - INFO - Started server process [2816]
2024-10-08 10:37:12,288 - uvicorn.error - INFO - Waiting for application startup.
2024-10-08 10:37:12,288 - uvicorn.error - INFO - Application startup complete.
2024-10-08 10:37:12,288 - uvicorn.error - INFO - Uvicorn running on http://127.0.0.1:8000 (Press CTRL+C to quit)
2024-10-08 10:37:13,762 - uvicorn.access - INFO - 127.0.0.1:49901 - "GET / HTTP/1.1" 404
2024-10-08 10:37:17,198 - uvicorn.access - INFO - 127.0.0.1:49901 - "GET /docs HTTP/1.1" 200
2024-10-08 10:37:17,427 - uvicorn.access - INFO - 127.0.0.1:49901 - "GET /openapi.json HTTP/1.1" 200
2024-10-08 10:37:25,413 - uvicorn.access - INFO - 127.0.0.1:49900 - "POST /test/?test=0 HTTP/1.1" 500
2024-10-08 10:37:25,413 - uvicorn.error - ERROR - Exception in ASGI application
Traceback (most recent call last):
  File "C:\Users\Админ\Desktop\handler\venv\lib\site-packages\uvicorn\protocols\http\h11_impl.py", line 406, in run_asgi
    result = await app(  # type: ignore[func-returns-value]
  File "C:\Users\Админ\Desktop\handler\venv\lib\site-packages\uvicorn\middleware\proxy_headers.py", line 70, in __call__
    return await self.app(scope, receive, send)
  File "C:\Users\Админ\Desktop\handler\venv\lib\site-packages\fastapi\applications.py", line 1054, in __call__
    await super().__call__(scope, receive, send)
  File "C:\Users\Админ\Desktop\handler\venv\lib\site-packages\starlette\applications.py", line 123, in __call__
    await self.middleware_stack(scope, receive, send)
  File "C:\Users\Админ\Desktop\handler\venv\lib\site-packages\starlette\middleware\errors.py", line 186, in __call__
    raise exc
  File "C:\Users\Админ\Desktop\handler\venv\lib\site-packages\starlette\middleware\errors.py", line 164, in __call__
    await self.app(scope, receive, _send)
  File "C:\Users\Админ\Desktop\handler\venv\lib\site-packages\starlette\middleware\exceptions.py", line 65, in __call__
    await wrap_app_handling_exceptions(self.app, conn)(scope, receive, send)
  File "C:\Users\Админ\Desktop\handler\venv\lib\site-packages\starlette\_exception_handler.py", line 64, in wrapped_app
    raise exc
  File "C:\Users\Админ\Desktop\handler\venv\lib\site-packages\starlette\_exception_handler.py", line 53, in wrapped_app
    await app(scope, receive, sender)
  File "C:\Users\Админ\Desktop\handler\venv\lib\site-packages\starlette\routing.py", line 754, in __call__
    await self.middleware_stack(scope, receive, send)
  File "C:\Users\Админ\Desktop\handler\venv\lib\site-packages\starlette\routing.py", line 774, in app
    await route.handle(scope, receive, send)
  File "C:\Users\Админ\Desktop\handler\venv\lib\site-packages\starlette\routing.py", line 295, in handle
    await self.app(scope, receive, send)
  File "C:\Users\Админ\Desktop\handler\venv\lib\site-packages\starlette\routing.py", line 77, in app
    await wrap_app_handling_exceptions(app, request)(scope, receive, send)
  File "C:\Users\Админ\Desktop\handler\venv\lib\site-packages\starlette\_exception_handler.py", line 64, in wrapped_app
    raise exc
  File "C:\Users\Админ\Desktop\handler\venv\lib\site-packages\starlette\_exception_handler.py", line 53, in wrapped_app
    await app(scope, receive, sender)
  File "C:\Users\Админ\Desktop\handler\venv\lib\site-packages\starlette\routing.py", line 74, in app
    response = await f(request)
  File "C:\Users\Админ\Desktop\handler\venv\lib\site-packages\fastapi\routing.py", line 297, in app
    raw_response = await run_endpoint_function(
  File "C:\Users\Админ\Desktop\handler\venv\lib\site-packages\fastapi\routing.py", line 210, in run_endpoint_function
    return await dependant.call(**values)
  File "C:\Users\Админ\Desktop\handler\handler.py", line 326, in task_panel
    print(10 / test)
ZeroDivisionError: division by zero
2024-10-08 10:38:01,786 - uvicorn.error - INFO - Shutting down
2024-10-08 10:38:01,899 - uvicorn.error - INFO - Waiting for application shutdown.
2024-10-08 10:38:01,899 - uvicorn.error - INFO - Application shutdown complete.
2024-10-08 10:38:01,899 - uvicorn.error - INFO - Finished server process [2816]
2024-10-08 10:38:04,634 - uvicorn.error - INFO - Started server process [7336]
2024-10-08 10:38:04,634 - uvicorn.error - INFO - Waiting for application startup.
2024-10-08 10:38:04,635 - uvicorn.error - INFO - Application startup complete.
2024-10-08 10:38:04,635 - uvicorn.error - INFO - Uvicorn running on http://127.0.0.1:8000 (Press CTRL+C to quit)
2024-10-08 10:38:10,182 - uvicorn.access - INFO - 127.0.0.1:49914 - "POST /test/?test=0 HTTP/1.1" 200
2024-10-08 10:38:18,998 - uvicorn.access - INFO - 127.0.0.1:49915 - "GET /docs HTTP/1.1" 200
2024-10-08 10:38:19,194 - uvicorn.access - INFO - 127.0.0.1:49915 - "GET /openapi.json HTTP/1.1" 200
2024-10-08 10:40:30,368 - uvicorn.error - INFO - Shutting down
2024-10-08 10:40:30,477 - uvicorn.error - INFO - Waiting for application shutdown.
2024-10-08 10:40:30,477 - uvicorn.error - INFO - Application shutdown complete.
2024-10-08 10:40:30,477 - uvicorn.error - INFO - Finished server process [7336]
2024-10-08 10:40:32,974 - uvicorn.error - INFO - Started server process [7780]
2024-10-08 10:40:32,974 - uvicorn.error - INFO - Waiting for application startup.
2024-10-08 10:40:32,974 - uvicorn.error - INFO - Application startup complete.
2024-10-08 10:40:32,974 - uvicorn.error - INFO - Uvicorn running on http://127.0.0.1:8000 (Press CTRL+C to quit)
2024-10-08 10:40:34,170 - uvicorn.error - INFO - Shutting down
2024-10-08 10:40:34,281 - uvicorn.error - INFO - Waiting for application shutdown.
2024-10-08 10:40:34,281 - uvicorn.error - INFO - Application shutdown complete.
2024-10-08 10:40:34,281 - uvicorn.error - INFO - Finished server process [7780]
2024-10-08 10:42:43,731 - uvicorn.error - INFO - Started server process [6000]
2024-10-08 10:42:43,731 - uvicorn.error - INFO - Waiting for application startup.
2024-10-08 10:42:43,731 - uvicorn.error - INFO - Application startup complete.
2024-10-08 10:42:43,732 - uvicorn.error - INFO - Uvicorn running on http://127.0.0.1:8000 (Press CTRL+C to quit)
2024-10-08 10:42:45,678 - uvicorn.error - INFO - Shutting down
2024-10-08 10:42:45,786 - uvicorn.error - INFO - Waiting for application shutdown.
2024-10-08 10:42:45,786 - uvicorn.error - INFO - Application shutdown complete.
2024-10-08 10:42:45,786 - uvicorn.error - INFO - Finished server process [6000]
2024-10-08 10:55:56,924 - uvicorn.error - INFO - Started server process [10816]
2024-10-08 10:55:56,924 - uvicorn.error - INFO - Waiting for application startup.
2024-10-08 10:55:56,925 - uvicorn.error - INFO - Application startup complete.
2024-10-08 10:55:56,925 - uvicorn.error - INFO - Uvicorn running on http://127.0.0.1:8000 (Press CTRL+C to quit)
2024-10-08 10:55:59,422 - uvicorn.access - INFO - 127.0.0.1:50088 - "GET / HTTP/1.1" 404
2024-10-08 10:56:02,558 - uvicorn.access - INFO - 127.0.0.1:50088 - "GET /docs HTTP/1.1" 200
2024-10-08 10:56:02,770 - uvicorn.access - INFO - 127.0.0.1:50088 - "GET /openapi.json HTTP/1.1" 200
2024-10-08 10:57:16,913 - uvicorn.access - INFO - 127.0.0.1:50096 - "GET /docs HTTP/1.1" 200
2024-10-08 10:57:17,112 - uvicorn.access - INFO - 127.0.0.1:50096 - "GET /openapi.json HTTP/1.1" 200
2024-10-08 10:57:19,299 - uvicorn.error - INFO - Shutting down
2024-10-08 10:57:19,408 - uvicorn.error - INFO - Waiting for application shutdown.
2024-10-08 10:57:19,408 - uvicorn.error - INFO - Application shutdown complete.
2024-10-08 10:57:19,408 - uvicorn.error - INFO - Finished server process [10816]
2024-10-08 10:57:21,679 - uvicorn.error - INFO - Started server process [9764]
2024-10-08 10:57:21,679 - uvicorn.error - INFO - Waiting for application startup.
2024-10-08 10:57:21,680 - uvicorn.error - INFO - Application startup complete.
2024-10-08 10:57:21,680 - uvicorn.error - INFO - Uvicorn running on http://127.0.0.1:8000 (Press CTRL+C to quit)
2024-10-08 10:57:22,316 - uvicorn.access - INFO - 127.0.0.1:50100 - "GET /docs HTTP/1.1" 200
2024-10-08 10:57:22,483 - uvicorn.access - INFO - 127.0.0.1:50100 - "GET /openapi.json HTTP/1.1" 200
2024-10-08 10:57:26,406 - uvicorn.access - INFO - 127.0.0.1:50100 - "GET /test/ HTTP/1.1" 200
2024-10-08 11:03:19,364 - uvicorn.error - INFO - Shutting down
2024-10-08 11:03:19,468 - uvicorn.error - INFO - Waiting for application shutdown.
2024-10-08 11:03:19,468 - uvicorn.error - INFO - Application shutdown complete.
2024-10-08 11:03:19,468 - uvicorn.error - INFO - Finished server process [9764]
2024-10-08 11:03:25,355 - uvicorn.error - INFO - Started server process [7332]
2024-10-08 11:03:25,355 - uvicorn.error - INFO - Waiting for application startup.
2024-10-08 11:03:25,356 - uvicorn.error - INFO - Application startup complete.
2024-10-08 11:03:25,356 - uvicorn.error - INFO - Uvicorn running on http://127.0.0.1:8000 (Press CTRL+C to quit)
2024-10-08 11:03:30,097 - uvicorn.access - INFO - 127.0.0.1:50133 - "GET / HTTP/1.1" 404
2024-10-08 11:03:33,945 - uvicorn.access - INFO - 127.0.0.1:50133 - "GET /docs HTTP/1.1" 200
2024-10-08 11:03:34,202 - uvicorn.access - INFO - 127.0.0.1:50135 - "GET /openapi.json HTTP/1.1" 200
2024-10-08 11:03:46,258 - uvicorn.access - INFO - 127.0.0.1:50139 - "GET /test/ HTTP/1.1" 200
2024-10-08 11:03:59,533 - uvicorn.access - INFO - 127.0.0.1:50140 - "POST /task_panel/ HTTP/1.1" 200
2024-10-08 11:05:16,144 - uvicorn.error - INFO - Shutting down
2024-10-08 11:05:16,251 - uvicorn.error - INFO - Waiting for application shutdown.
2024-10-08 11:05:16,251 - uvicorn.error - INFO - Application shutdown complete.
2024-10-08 11:05:16,251 - uvicorn.error - INFO - Finished server process [7332]
2024-10-10 09:29:34,339 - uvicorn.error - INFO - Started server process [11748]
2024-10-10 09:29:34,340 - uvicorn.error - INFO - Waiting for application startup.
2024-10-10 09:29:34,340 - uvicorn.error - INFO - Application startup complete.
2024-10-10 09:29:34,341 - uvicorn.error - INFO - Uvicorn running on http://127.0.0.1:8000 (Press CTRL+C to quit)
2024-10-10 09:29:37,321 - uvicorn.access - INFO - 127.0.0.1:58614 - "GET / HTTP/1.1" 404
2024-10-10 09:29:41,377 - uvicorn.access - INFO - 127.0.0.1:58617 - "GET /docs HTTP/1.1" 200
2024-10-10 09:29:41,618 - uvicorn.access - INFO - 127.0.0.1:58617 - "GET /openapi.json HTTP/1.1" 200
2024-10-10 09:31:40,724 - uvicorn.error - INFO - Shutting down
2024-10-10 09:31:40,838 - uvicorn.error - INFO - Waiting for application shutdown.
2024-10-10 09:31:40,838 - uvicorn.error - INFO - Application shutdown complete.
2024-10-10 09:31:40,838 - uvicorn.error - INFO - Finished server process [11748]
