2024-10-15 15:26:25,531 - uvicorn.error - INFO - Started server process [28911]
2024-10-15 15:26:25,531 - uvicorn.error - INFO - Waiting for application startup.
2024-10-15 15:26:25,531 - uvicorn.error - INFO - ASGI 'lifespan' protocol appears unsupported.
2024-10-15 15:26:25,531 - uvicorn.error - INFO - Application startup complete.
2024-10-15 15:26:25,532 - uvicorn.error - INFO - Uvicorn running on http://0.0.0.0:8000 (Press CTRL+C to quit)
2024-10-15 15:26:40,423 - uvicorn.error - ERROR - Exception in ASGI application
Traceback (most recent call last):
  File "/var/www/u2842936/data/venv/lib/python3.10/site-packages/uvicorn/protocols/http/h11_impl.py", line 406, in run_asgi
    result = await app(  # type: ignore[func-returns-value]
  File "/var/www/u2842936/data/venv/lib/python3.10/site-packages/uvicorn/middleware/proxy_headers.py", line 70, in __call__
    return await self.app(scope, receive, send)
  File "/var/www/u2842936/data/venv/lib/python3.10/site-packages/uvicorn/middleware/asgi2.py", line 14, in __call__
    instance = self.app(scope)
TypeError: ASGIMiddleware.__call__() missing 1 required positional argument: 'start_response'
2024-10-15 15:26:40,425 - uvicorn.access - INFO - 205.210.31.30:58176 - "GET / HTTP/1.1" 500
2024-10-15 15:26:40,781 - uvicorn.error - INFO - Shutting down
2024-10-15 15:26:40,882 - uvicorn.error - INFO - Finished server process [28911]
2024-10-15 15:28:05,532 - uvicorn.error - INFO - Started server process [30410]
2024-10-15 15:28:05,532 - uvicorn.error - INFO - Waiting for application startup.
2024-10-15 15:28:05,532 - uvicorn.error - INFO - ASGI 'lifespan' protocol appears unsupported.
2024-10-15 15:28:05,532 - uvicorn.error - INFO - Application startup complete.
2024-10-15 15:28:05,533 - uvicorn.error - INFO - Uvicorn running on http://0.0.0.0:8000 (Press CTRL+C to quit)
2024-10-15 15:28:07,540 - uvicorn.error - INFO - Shutting down
2024-10-15 15:28:07,641 - uvicorn.error - INFO - Finished server process [30410]
2024-10-15 16:01:40,191 - uvicorn.error - INFO - Started server process [3172]
2024-10-15 16:01:40,194 - uvicorn.error - INFO - Waiting for application startup.
2024-10-15 16:01:40,194 - uvicorn.error - INFO - ASGI 'lifespan' protocol appears unsupported.
2024-10-15 16:01:40,194 - uvicorn.error - INFO - Application startup complete.
2024-10-15 16:01:40,195 - uvicorn.error - INFO - Uvicorn running on http://0.0.0.0:8000 (Press CTRL+C to quit)
2024-10-15 16:01:43,005 - uvicorn.error - INFO - Shutting down
2024-10-15 16:01:43,105 - uvicorn.error - INFO - Finished server process [3172]
2024-10-15 16:08:34,641 - uvicorn.error - INFO - Started server process [30509]
2024-10-15 16:08:34,641 - uvicorn.error - INFO - Waiting for application startup.
2024-10-15 16:08:34,642 - uvicorn.error - INFO - ASGI 'lifespan' protocol appears unsupported.
2024-10-15 16:08:34,642 - uvicorn.error - INFO - Application startup complete.
2024-10-15 16:08:34,642 - uvicorn.error - INFO - Uvicorn running on http://0.0.0.0:8000 (Press CTRL+C to quit)
2024-10-15 16:08:36,649 - uvicorn.error - INFO - Shutting down
2024-10-15 16:08:36,750 - uvicorn.error - INFO - Finished server process [30509]
2024-10-17 15:36:36,703 - uvicorn.error - INFO - Started server process [3717]
2024-10-17 15:36:36,703 - uvicorn.error - INFO - Waiting for application startup.
2024-10-17 15:36:36,704 - uvicorn.error - INFO - ASGI 'lifespan' protocol appears unsupported.
2024-10-17 15:36:36,704 - uvicorn.error - INFO - Application startup complete.
2024-10-17 15:36:36,704 - uvicorn.error - INFO - Uvicorn running on http://0.0.0.0:8000 (Press CTRL+C to quit)
2024-10-17 15:36:44,023 - uvicorn.error - INFO - Shutting down
2024-10-17 15:36:44,123 - uvicorn.error - INFO - Finished server process [3717]
2024-10-17 16:21:48,376 - uvicorn.error - INFO - Started server process [1845]
2024-10-17 16:21:48,376 - uvicorn.error - INFO - Waiting for application startup.
2024-10-17 16:21:48,377 - uvicorn.error - INFO - ASGI 'lifespan' protocol appears unsupported.
2024-10-17 16:21:48,377 - uvicorn.error - INFO - Application startup complete.
2024-10-17 16:21:48,377 - uvicorn.error - INFO - Uvicorn running on http://0.0.0.0:8000 (Press CTRL+C to quit)
2024-10-17 16:21:51,488 - uvicorn.error - INFO - Shutting down
2024-10-17 16:21:51,589 - uvicorn.error - INFO - Finished server process [1845]
2024-10-17 16:29:28,669 - uvicorn.error - INFO - Started server process [37666]
2024-10-17 16:29:28,669 - uvicorn.error - INFO - Waiting for application startup.
2024-10-17 16:29:28,670 - uvicorn.error - INFO - ASGI 'lifespan' protocol appears unsupported.
2024-10-17 16:29:28,670 - uvicorn.error - INFO - Application startup complete.
2024-10-17 16:29:28,670 - uvicorn.error - INFO - Uvicorn running on http://0.0.0.0:8000 (Press CTRL+C to quit)
2024-10-17 16:29:29,773 - uvicorn.error - INFO - Shutting down
2024-10-17 16:29:29,874 - uvicorn.error - INFO - Finished server process [37666]
2024-10-18 09:54:02,598 - uvicorn.error - INFO - Started server process [30674]
2024-10-18 09:54:02,599 - uvicorn.error - INFO - Waiting for application startup.
2024-10-18 09:54:02,599 - uvicorn.error - INFO - ASGI 'lifespan' protocol appears unsupported.
2024-10-18 09:54:02,599 - uvicorn.error - INFO - Application startup complete.
2024-10-18 09:54:02,599 - uvicorn.error - INFO - Uvicorn running on http://0.0.0.0:8000 (Press CTRL+C to quit)
2024-10-18 09:54:04,105 - uvicorn.error - INFO - Shutting down
2024-10-18 09:54:04,206 - uvicorn.error - INFO - Finished server process [30674]
2024-10-18 10:11:21,219 - uvicorn.error - INFO - Started server process [21210]
2024-10-18 10:11:21,220 - uvicorn.error - INFO - Waiting for application startup.
2024-10-18 10:11:21,220 - uvicorn.error - INFO - ASGI 'lifespan' protocol appears unsupported.
2024-10-18 10:11:21,220 - uvicorn.error - INFO - Application startup complete.
2024-10-18 10:11:21,221 - uvicorn.error - INFO - Uvicorn running on http://0.0.0.0:8000 (Press CTRL+C to quit)
2024-10-18 10:11:23,626 - uvicorn.error - INFO - Shutting down
2024-10-18 10:11:23,727 - uvicorn.error - INFO - Finished server process [21210]
2024-10-18 10:13:33,784 - uvicorn.error - INFO - Started server process [15341]
2024-10-18 10:13:33,784 - uvicorn.error - INFO - Waiting for application startup.
2024-10-18 10:13:33,785 - uvicorn.error - INFO - ASGI 'lifespan' protocol appears unsupported.
2024-10-18 10:13:33,785 - uvicorn.error - INFO - Application startup complete.
2024-10-18 10:13:33,785 - uvicorn.error - INFO - Uvicorn running on http://0.0.0.0:8000 (Press CTRL+C to quit)
2024-10-18 10:13:35,492 - uvicorn.error - INFO - Shutting down
2024-10-18 10:13:35,592 - uvicorn.error - INFO - Finished server process [15341]
2024-10-18 10:26:27,017 - uvicorn.error - INFO - Started server process [5637]
2024-10-18 10:26:27,017 - uvicorn.error - INFO - Waiting for application startup.
2024-10-18 10:26:27,017 - uvicorn.error - INFO - ASGI 'lifespan' protocol appears unsupported.
2024-10-18 10:26:27,017 - uvicorn.error - INFO - Application startup complete.
2024-10-18 10:26:27,018 - uvicorn.error - INFO - Uvicorn running on http://0.0.0.0:8000 (Press CTRL+C to quit)
2024-10-18 10:26:28,122 - uvicorn.error - INFO - Shutting down
2024-10-18 10:26:28,223 - uvicorn.error - INFO - Finished server process [5637]
2024-10-18 10:34:02,742 - uvicorn.error - INFO - Started server process [27973]
2024-10-18 10:34:02,742 - uvicorn.error - INFO - Waiting for application startup.
2024-10-18 10:34:02,743 - uvicorn.error - INFO - ASGI 'lifespan' protocol appears unsupported.
2024-10-18 10:34:02,743 - uvicorn.error - INFO - Application startup complete.
2024-10-18 10:34:02,743 - uvicorn.error - INFO - Uvicorn running on http://0.0.0.0:8000 (Press CTRL+C to quit)
2024-10-18 10:34:04,750 - uvicorn.error - INFO - Shutting down
2024-10-18 10:34:04,851 - uvicorn.error - INFO - Finished server process [27973]
2024-10-18 10:39:38,820 - uvicorn.error - INFO - Started server process [32095]
2024-10-18 10:39:38,821 - uvicorn.error - INFO - Waiting for application startup.
2024-10-18 10:39:38,821 - uvicorn.error - INFO - ASGI 'lifespan' protocol appears unsupported.
2024-10-18 10:39:38,821 - uvicorn.error - INFO - Application startup complete.
2024-10-18 10:39:38,822 - uvicorn.error - INFO - Uvicorn running on http://0.0.0.0:8000 (Press CTRL+C to quit)
2024-10-18 10:39:41,531 - uvicorn.error - INFO - Shutting down
2024-10-18 10:39:41,631 - uvicorn.error - INFO - Finished server process [32095]
2024-10-18 10:40:04,502 - uvicorn.error - INFO - Started server process [37200]
2024-10-18 10:40:04,502 - uvicorn.error - INFO - Waiting for application startup.
2024-10-18 10:40:04,502 - uvicorn.error - INFO - ASGI 'lifespan' protocol appears unsupported.
2024-10-18 10:40:04,502 - uvicorn.error - INFO - Application startup complete.
2024-10-18 10:40:04,503 - uvicorn.error - INFO - Uvicorn running on http://0.0.0.0:8000 (Press CTRL+C to quit)
2024-10-18 10:40:06,315 - uvicorn.error - INFO - Shutting down
2024-10-18 10:40:06,416 - uvicorn.error - INFO - Finished server process [37200]
2024-10-18 10:40:50,075 - uvicorn.error - INFO - Started server process [7405]
2024-10-18 10:40:50,075 - uvicorn.error - INFO - Waiting for application startup.
2024-10-18 10:40:50,075 - uvicorn.error - INFO - ASGI 'lifespan' protocol appears unsupported.
2024-10-18 10:40:50,075 - uvicorn.error - INFO - Application startup complete.
2024-10-18 10:40:50,076 - uvicorn.error - INFO - Uvicorn running on http://0.0.0.0:8000 (Press CTRL+C to quit)
2024-10-18 10:40:53,184 - uvicorn.error - INFO - Shutting down
2024-10-18 10:40:53,284 - uvicorn.error - INFO - Finished server process [7405]
2024-10-18 10:41:33,405 - uvicorn.error - INFO - Started server process [40063]
2024-10-18 10:41:33,405 - uvicorn.error - INFO - Waiting for application startup.
2024-10-18 10:41:33,405 - uvicorn.error - INFO - ASGI 'lifespan' protocol appears unsupported.
2024-10-18 10:41:33,405 - uvicorn.error - INFO - Application startup complete.
2024-10-18 10:41:33,406 - uvicorn.error - INFO - Uvicorn running on http://0.0.0.0:8000 (Press CTRL+C to quit)
2024-10-18 10:41:52,439 - uvicorn.error - ERROR - Exception in ASGI application
Traceback (most recent call last):
  File "/var/www/u2842936/data/venv/lib/python3.10/site-packages/uvicorn/protocols/http/h11_impl.py", line 406, in run_asgi
    result = await app(  # type: ignore[func-returns-value]
  File "/var/www/u2842936/data/venv/lib/python3.10/site-packages/uvicorn/middleware/proxy_headers.py", line 70, in __call__
    return await self.app(scope, receive, send)
  File "/var/www/u2842936/data/venv/lib/python3.10/site-packages/uvicorn/middleware/asgi2.py", line 14, in __call__
    instance = self.app(scope)
TypeError: ASGIMiddleware.__call__() missing 1 required positional argument: 'start_response'
2024-10-18 10:41:52,441 - uvicorn.access - INFO - 198.235.24.87:63166 - "GET / HTTP/1.1" 500
2024-10-18 10:42:01,507 - uvicorn.error - INFO - Shutting down
2024-10-18 10:42:01,608 - uvicorn.error - INFO - Finished server process [40063]
2024-10-18 10:50:26,305 - uvicorn.error - INFO - Started server process [6301]
2024-10-18 10:50:26,306 - uvicorn.error - INFO - Waiting for application startup.
2024-10-18 10:50:26,306 - uvicorn.error - INFO - ASGI 'lifespan' protocol appears unsupported.
2024-10-18 10:50:26,306 - uvicorn.error - INFO - Application startup complete.
2024-10-18 10:50:26,306 - uvicorn.error - INFO - Uvicorn running on http://0.0.0.0:8000 (Press CTRL+C to quit)
2024-10-18 10:50:27,911 - uvicorn.error - INFO - Shutting down
2024-10-18 10:50:28,012 - uvicorn.error - INFO - Finished server process [6301]
2024-10-18 10:55:45,377 - uvicorn.error - INFO - Started server process [26489]
2024-10-18 10:55:45,377 - uvicorn.error - INFO - Waiting for application startup.
2024-10-18 10:55:45,378 - uvicorn.error - INFO - ASGI 'lifespan' protocol appears unsupported.
2024-10-18 10:55:45,378 - uvicorn.error - INFO - Application startup complete.
2024-10-18 10:55:45,378 - uvicorn.error - INFO - Uvicorn running on http://0.0.0.0:8000 (Press CTRL+C to quit)
2024-10-18 10:55:47,483 - uvicorn.error - INFO - Shutting down
2024-10-18 10:55:47,584 - uvicorn.error - INFO - Finished server process [26489]
2024-10-18 11:02:24,973 - uvicorn.error - INFO - Started server process [29428]
2024-10-18 11:02:24,974 - uvicorn.error - INFO - Waiting for application startup.
2024-10-18 11:02:24,974 - uvicorn.error - INFO - ASGI 'lifespan' protocol appears unsupported.
2024-10-18 11:02:24,974 - uvicorn.error - INFO - Application startup complete.
2024-10-18 11:02:24,975 - uvicorn.error - INFO - Uvicorn running on http://0.0.0.0:8000 (Press CTRL+C to quit)
2024-10-18 11:02:27,079 - uvicorn.error - INFO - Shutting down
2024-10-18 11:02:27,180 - uvicorn.error - INFO - Finished server process [29428]
2024-10-18 11:07:58,768 - uvicorn.error - INFO - Started server process [8645]
2024-10-18 11:07:58,769 - uvicorn.error - INFO - Waiting for application startup.
2024-10-18 11:07:58,769 - uvicorn.error - INFO - ASGI 'lifespan' protocol appears unsupported.
2024-10-18 11:07:58,769 - uvicorn.error - INFO - Application startup complete.
2024-10-18 11:07:58,769 - uvicorn.error - INFO - Uvicorn running on http://0.0.0.0:8000 (Press CTRL+C to quit)
2024-10-18 11:08:01,078 - uvicorn.error - INFO - Shutting down
2024-10-18 11:08:01,179 - uvicorn.error - INFO - Finished server process [8645]
2024-10-18 11:25:57,379 - uvicorn.error - INFO - Started server process [33668]
2024-10-18 11:25:57,379 - uvicorn.error - INFO - Waiting for application startup.
2024-10-18 11:25:57,379 - uvicorn.error - INFO - ASGI 'lifespan' protocol appears unsupported.
2024-10-18 11:25:57,379 - uvicorn.error - INFO - Application startup complete.
2024-10-18 11:25:57,380 - uvicorn.error - INFO - Uvicorn running on http://0.0.0.0:8000 (Press CTRL+C to quit)
2024-10-18 11:25:58,784 - uvicorn.error - INFO - Shutting down
2024-10-18 11:25:58,884 - uvicorn.error - INFO - Finished server process [33668]
2024-10-18 11:41:41,147 - uvicorn.error - INFO - Started server process [27738]
2024-10-18 11:41:41,147 - uvicorn.error - INFO - Waiting for application startup.
2024-10-18 11:41:41,148 - uvicorn.error - INFO - ASGI 'lifespan' protocol appears unsupported.
2024-10-18 11:41:41,148 - uvicorn.error - INFO - Application startup complete.
2024-10-18 11:41:41,148 - uvicorn.error - INFO - Uvicorn running on http://0.0.0.0:8000 (Press CTRL+C to quit)
2024-10-18 11:41:42,553 - uvicorn.error - INFO - Shutting down
2024-10-18 11:41:42,654 - uvicorn.error - INFO - Finished server process [27738]
2024-10-18 12:03:36,657 - uvicorn.error - INFO - Started server process [13708]
2024-10-18 12:03:36,657 - uvicorn.error - INFO - Waiting for application startup.
2024-10-18 12:03:36,658 - uvicorn.error - INFO - ASGI 'lifespan' protocol appears unsupported.
2024-10-18 12:03:36,658 - uvicorn.error - INFO - Application startup complete.
2024-10-18 12:03:36,659 - uvicorn.error - INFO - Uvicorn running on http://0.0.0.0:8000 (Press CTRL+C to quit)
2024-10-18 12:03:38,508 - uvicorn.error - INFO - Shutting down
2024-10-18 12:03:38,616 - uvicorn.error - INFO - Finished server process [13708]
2024-10-18 12:09:48,888 - uvicorn.error - INFO - Started server process [3428]
2024-10-18 12:09:48,888 - uvicorn.error - INFO - Waiting for application startup.
2024-10-18 12:09:48,889 - uvicorn.error - INFO - ASGI 'lifespan' protocol appears unsupported.
2024-10-18 12:09:48,889 - uvicorn.error - INFO - Application startup complete.
2024-10-18 12:09:48,889 - uvicorn.error - INFO - Uvicorn running on http://0.0.0.0:8000 (Press CTRL+C to quit)
2024-10-18 12:10:02,052 - uvicorn.error - INFO - Shutting down
2024-10-18 12:10:02,159 - uvicorn.error - INFO - Finished server process [3428]
2024-10-18 12:15:45,308 - uvicorn.error - INFO - Started server process [5696]
2024-10-18 12:15:45,308 - uvicorn.error - INFO - Waiting for application startup.
2024-10-18 12:15:45,308 - uvicorn.error - INFO - ASGI 'lifespan' protocol appears unsupported.
2024-10-18 12:15:45,309 - uvicorn.error - INFO - Application startup complete.
2024-10-18 12:15:45,309 - uvicorn.error - INFO - Uvicorn running on http://127.0.0.1:8000 (Press CTRL+C to quit)
2024-10-18 12:15:47,361 - uvicorn.error - ERROR - Exception in ASGI application
Traceback (most recent call last):
  File "C:\Users\Админ\Desktop\handler\venv\lib\site-packages\uvicorn\protocols\http\h11_impl.py", line 406, in run_asgi
    result = await app(  # type: ignore[func-returns-value]
  File "C:\Users\Админ\Desktop\handler\venv\lib\site-packages\uvicorn\middleware\proxy_headers.py", line 70, in __call__
    return await self.app(scope, receive, send)
  File "C:\Users\Админ\Desktop\handler\venv\lib\site-packages\uvicorn\middleware\asgi2.py", line 14, in __call__
    instance = self.app(scope)
TypeError: ASGIMiddleware.__call__() missing 1 required positional argument: 'start_response'
2024-10-18 12:15:47,446 - uvicorn.access - INFO - 127.0.0.1:63847 - "GET / HTTP/1.1" 500
2024-10-18 12:15:48,163 - uvicorn.error - ERROR - Exception in ASGI application
Traceback (most recent call last):
  File "C:\Users\Админ\Desktop\handler\venv\lib\site-packages\uvicorn\protocols\http\h11_impl.py", line 406, in run_asgi
    result = await app(  # type: ignore[func-returns-value]
  File "C:\Users\Админ\Desktop\handler\venv\lib\site-packages\uvicorn\middleware\proxy_headers.py", line 70, in __call__
    return await self.app(scope, receive, send)
  File "C:\Users\Админ\Desktop\handler\venv\lib\site-packages\uvicorn\middleware\asgi2.py", line 14, in __call__
    instance = self.app(scope)
TypeError: ASGIMiddleware.__call__() missing 1 required positional argument: 'start_response'
2024-10-18 12:15:48,168 - uvicorn.access - INFO - 127.0.0.1:63846 - "GET /favicon.ico HTTP/1.1" 500
2024-10-18 12:15:59,917 - uvicorn.error - ERROR - Exception in ASGI application
Traceback (most recent call last):
  File "C:\Users\Админ\Desktop\handler\venv\lib\site-packages\uvicorn\protocols\http\h11_impl.py", line 406, in run_asgi
    result = await app(  # type: ignore[func-returns-value]
  File "C:\Users\Админ\Desktop\handler\venv\lib\site-packages\uvicorn\middleware\proxy_headers.py", line 70, in __call__
    return await self.app(scope, receive, send)
  File "C:\Users\Админ\Desktop\handler\venv\lib\site-packages\uvicorn\middleware\asgi2.py", line 14, in __call__
    instance = self.app(scope)
TypeError: ASGIMiddleware.__call__() missing 1 required positional argument: 'start_response'
2024-10-18 12:15:59,918 - uvicorn.access - INFO - 127.0.0.1:63861 - "GET /docs HTTP/1.1" 500
2024-10-18 12:16:00,858 - uvicorn.error - ERROR - Exception in ASGI application
Traceback (most recent call last):
  File "C:\Users\Админ\Desktop\handler\venv\lib\site-packages\uvicorn\protocols\http\h11_impl.py", line 406, in run_asgi
    result = await app(  # type: ignore[func-returns-value]
  File "C:\Users\Админ\Desktop\handler\venv\lib\site-packages\uvicorn\middleware\proxy_headers.py", line 70, in __call__
    return await self.app(scope, receive, send)
  File "C:\Users\Админ\Desktop\handler\venv\lib\site-packages\uvicorn\middleware\asgi2.py", line 14, in __call__
    instance = self.app(scope)
TypeError: ASGIMiddleware.__call__() missing 1 required positional argument: 'start_response'
2024-10-18 12:16:00,859 - uvicorn.access - INFO - 127.0.0.1:63863 - "GET /docs HTTP/1.1" 500
2024-10-18 12:16:00,943 - uvicorn.error - ERROR - Exception in ASGI application
Traceback (most recent call last):
  File "C:\Users\Админ\Desktop\handler\venv\lib\site-packages\uvicorn\protocols\http\h11_impl.py", line 406, in run_asgi
    result = await app(  # type: ignore[func-returns-value]
  File "C:\Users\Админ\Desktop\handler\venv\lib\site-packages\uvicorn\middleware\proxy_headers.py", line 70, in __call__
    return await self.app(scope, receive, send)
  File "C:\Users\Админ\Desktop\handler\venv\lib\site-packages\uvicorn\middleware\asgi2.py", line 14, in __call__
    instance = self.app(scope)
TypeError: ASGIMiddleware.__call__() missing 1 required positional argument: 'start_response'
2024-10-18 12:16:00,944 - uvicorn.access - INFO - 127.0.0.1:63864 - "GET /favicon.ico HTTP/1.1" 500
2024-10-18 12:16:25,803 - uvicorn.error - INFO - Shutting down
2024-10-18 12:16:25,910 - uvicorn.error - INFO - Finished server process [5696]
2024-10-18 12:16:29,224 - uvicorn.error - INFO - Started server process [8312]
2024-10-18 12:16:29,225 - uvicorn.error - INFO - Waiting for application startup.
2024-10-18 12:16:29,225 - uvicorn.error - INFO - Application startup complete.
2024-10-18 12:16:29,226 - uvicorn.error - INFO - Uvicorn running on http://127.0.0.1:8000 (Press CTRL+C to quit)
2024-10-18 12:16:31,848 - uvicorn.access - INFO - 127.0.0.1:63888 - "GET /docs HTTP/1.1" 200
2024-10-18 12:16:32,272 - uvicorn.access - INFO - 127.0.0.1:63888 - "GET /openapi.json HTTP/1.1" 200
2024-10-18 12:17:45,591 - uvicorn.access - INFO - 127.0.0.1:63945 - "POST /reboot_tokens/?client_secret=evsnQmXW25jFQFzowrg6XyLxjBLGLTqZ0CTtLZS5v9r4mo5c89 HTTP/1.1" 200
2024-10-18 12:19:35,112 - uvicorn.error - INFO - Shutting down
2024-10-18 12:19:35,220 - uvicorn.error - INFO - Waiting for application shutdown.
2024-10-18 12:19:35,220 - uvicorn.error - INFO - Application shutdown complete.
2024-10-18 12:19:35,220 - uvicorn.error - INFO - Finished server process [8312]
2024-10-18 12:19:39,078 - uvicorn.error - INFO - Started server process [14332]
2024-10-18 12:19:39,080 - uvicorn.error - INFO - Waiting for application startup.
2024-10-18 12:19:39,082 - uvicorn.error - INFO - Application startup complete.
2024-10-18 12:19:39,083 - uvicorn.error - INFO - Uvicorn running on http://127.0.0.1:8000 (Press CTRL+C to quit)
2024-10-18 12:19:55,797 - uvicorn.access - INFO - 127.0.0.1:64075 - "POST /reboot_tokens/?client_secret=evsnQmXW25jFQFzowrg6XyLxjBLGLTqZ0CTtLZS5v9r4mo5c89 HTTP/1.1" 200
2024-10-18 12:21:40,740 - uvicorn.error - INFO - Shutting down
2024-10-18 12:21:40,848 - uvicorn.error - INFO - Waiting for application shutdown.
2024-10-18 12:21:40,848 - uvicorn.error - INFO - Application shutdown complete.
2024-10-18 12:21:40,848 - uvicorn.error - INFO - Finished server process [14332]
2024-10-18 12:21:47,695 - uvicorn.error - INFO - Started server process [13540]
2024-10-18 12:21:47,696 - uvicorn.error - INFO - Waiting for application startup.
2024-10-18 12:21:47,696 - uvicorn.error - INFO - Application startup complete.
2024-10-18 12:21:47,697 - uvicorn.error - INFO - Uvicorn running on http://127.0.0.1:8000 (Press CTRL+C to quit)
2024-10-18 12:21:58,708 - uvicorn.access - INFO - 127.0.0.1:64331 - "POST /reboot_tokens/?client_secret=evsnQmXW25jFQFzowrg6XyLxjBLGLTqZ0CTtLZS5v9r4mo5c89 HTTP/1.1" 200
2024-10-18 12:23:40,582 - uvicorn.error - INFO - Shutting down
2024-10-18 12:23:40,691 - uvicorn.error - INFO - Waiting for application shutdown.
2024-10-18 12:23:40,691 - uvicorn.error - INFO - Application shutdown complete.
2024-10-18 12:23:40,691 - uvicorn.error - INFO - Finished server process [13540]
2024-10-18 12:23:53,846 - uvicorn.error - INFO - Started server process [13400]
2024-10-18 12:23:53,847 - uvicorn.error - INFO - Waiting for application startup.
2024-10-18 12:23:53,847 - uvicorn.error - INFO - Application startup complete.
2024-10-18 12:23:53,848 - uvicorn.error - INFO - Uvicorn running on http://127.0.0.1:8000 (Press CTRL+C to quit)
2024-10-18 12:23:59,440 - uvicorn.access - INFO - 127.0.0.1:64521 - "POST /reboot_tokens/?client_secret=evsnQmXW25jFQFzowrg6XyLxjBLGLTqZ0CTtLZS5v9r4mo5c89 HTTP/1.1" 200
2024-10-18 12:24:30,142 - uvicorn.error - INFO - Shutting down
2024-10-18 12:24:30,253 - uvicorn.error - INFO - Waiting for application shutdown.
2024-10-18 12:24:30,253 - uvicorn.error - INFO - Application shutdown complete.
2024-10-18 12:24:30,254 - uvicorn.error - INFO - Finished server process [13400]
2024-10-18 12:24:38,607 - uvicorn.error - INFO - Started server process [12836]
2024-10-18 12:24:38,608 - uvicorn.error - INFO - Waiting for application startup.
2024-10-18 12:24:38,608 - uvicorn.error - INFO - Application startup complete.
2024-10-18 12:24:38,609 - uvicorn.error - INFO - Uvicorn running on http://127.0.0.1:8000 (Press CTRL+C to quit)
2024-10-18 12:24:46,635 - uvicorn.access - INFO - 127.0.0.1:64551 - "POST /reboot_tokens/?client_secret=evsnQmXW25jFQFzowrg6XyLxjBLGLTqZ0CTtLZS5v9r4mo5c89 HTTP/1.1" 200
2024-10-18 12:26:08,831 - uvicorn.error - INFO - Shutting down
2024-10-18 12:26:08,939 - uvicorn.error - INFO - Waiting for application shutdown.
2024-10-18 12:26:08,939 - uvicorn.error - INFO - Application shutdown complete.
2024-10-18 12:26:08,939 - uvicorn.error - INFO - Finished server process [12836]
2024-10-18 12:26:11,981 - uvicorn.error - INFO - Started server process [14288]
2024-10-18 12:26:11,981 - uvicorn.error - INFO - Waiting for application startup.
2024-10-18 12:26:11,981 - uvicorn.error - INFO - Application startup complete.
2024-10-18 12:26:11,982 - uvicorn.error - INFO - Uvicorn running on http://127.0.0.1:8000 (Press CTRL+C to quit)
2024-10-18 12:26:24,027 - uvicorn.access - INFO - 127.0.0.1:64647 - "POST /reboot_tokens/?client_secret=evsnQmXW25jFQFzowrg6XyLxjBLGLTqZ0CTtLZS5v9r4mo5c89 HTTP/1.1" 200
2024-10-18 12:29:25,310 - uvicorn.error - INFO - Shutting down
2024-10-18 12:29:25,418 - uvicorn.error - INFO - Waiting for application shutdown.
2024-10-18 12:29:25,418 - uvicorn.error - INFO - Application shutdown complete.
2024-10-18 12:29:25,418 - uvicorn.error - INFO - Finished server process [14288]
2024-10-18 12:29:28,550 - uvicorn.error - INFO - Started server process [4796]
2024-10-18 12:29:28,550 - uvicorn.error - INFO - Waiting for application startup.
2024-10-18 12:29:28,551 - uvicorn.error - INFO - Application startup complete.
2024-10-18 12:29:28,551 - uvicorn.error - INFO - Uvicorn running on http://127.0.0.1:8000 (Press CTRL+C to quit)
2024-10-18 12:29:34,546 - uvicorn.access - INFO - 127.0.0.1:64836 - "POST /reboot_tokens/?client_secret=evsnQmXW25jFQFzowrg6XyLxjBLGLTqZ0CTtLZS5v9r4mo5c89 HTTP/1.1" 200
2024-10-18 12:29:57,370 - uvicorn.error - INFO - Shutting down
2024-10-18 12:29:57,477 - uvicorn.error - INFO - Waiting for application shutdown.
2024-10-18 12:29:57,477 - uvicorn.error - INFO - Application shutdown complete.
2024-10-18 12:29:57,478 - uvicorn.error - INFO - Finished server process [4796]
2024-10-18 13:43:59,832 - uvicorn.error - INFO - Started server process [13404]
2024-10-18 13:43:59,832 - uvicorn.error - INFO - Waiting for application startup.
2024-10-18 13:43:59,833 - uvicorn.error - INFO - Application startup complete.
2024-10-18 13:43:59,833 - uvicorn.error - INFO - Uvicorn running on http://127.0.0.1:8000 (Press CTRL+C to quit)
2024-10-18 13:44:17,386 - uvicorn.access - INFO - 127.0.0.1:50959 - "POST /reboot_tokens/?client_secret=evsnQmXW25jFQFzowrg6XyLxjBLGLTqZ0CTtLZS5v9r4mo5c89 HTTP/1.1" 200
2024-10-18 13:45:57,500 - uvicorn.error - INFO - Shutting down
2024-10-18 13:45:57,608 - uvicorn.error - INFO - Waiting for application shutdown.
2024-10-18 13:45:57,608 - uvicorn.error - INFO - Application shutdown complete.
2024-10-18 13:45:57,608 - uvicorn.error - INFO - Finished server process [13404]
2024-10-18 13:46:00,329 - uvicorn.error - INFO - Started server process [2392]
2024-10-18 13:46:00,329 - uvicorn.error - INFO - Waiting for application startup.
2024-10-18 13:46:00,330 - uvicorn.error - INFO - Application startup complete.
2024-10-18 13:46:00,330 - uvicorn.error - INFO - Uvicorn running on http://127.0.0.1:8000 (Press CTRL+C to quit)
2024-10-18 13:46:13,493 - uvicorn.access - INFO - 127.0.0.1:51007 - "POST /reboot_tokens/?client_secret=evsnQmXW25jFQFzowrg6XyLxjBLGLTqZ0CTtLZS5v9r4mo5c89 HTTP/1.1" 200
2024-10-18 13:46:27,105 - uvicorn.error - INFO - Shutting down
2024-10-18 13:46:27,213 - uvicorn.error - INFO - Waiting for connections to close. (CTRL+C to force quit)
2024-10-18 13:46:28,674 - uvicorn.access - INFO - 127.0.0.1:51013 - "POST /reboot_tokens/?client_secret=evsnQmXW25jFQFzowrg6XyLxjBLGLTqZ0CTtLZS5v9r4mo5c89 HTTP/1.1" 200
2024-10-18 13:46:28,720 - uvicorn.error - INFO - Waiting for application shutdown.
2024-10-18 13:46:28,720 - uvicorn.error - INFO - Application shutdown complete.
2024-10-18 13:46:28,720 - uvicorn.error - INFO - Finished server process [2392]
2024-10-18 13:46:31,981 - uvicorn.error - INFO - Started server process [10760]
2024-10-18 13:46:31,981 - uvicorn.error - INFO - Waiting for application startup.
2024-10-18 13:46:31,982 - uvicorn.error - INFO - Application startup complete.
2024-10-18 13:46:31,982 - uvicorn.error - INFO - Uvicorn running on http://127.0.0.1:8000 (Press CTRL+C to quit)
2024-10-18 13:46:37,882 - uvicorn.access - INFO - 127.0.0.1:51021 - "POST /reboot_tokens/?client_secret=evsnQmXW25jFQFzowrg6XyLxjBLGLTqZ0CTtLZS5v9r4mo5c89 HTTP/1.1" 200
2024-10-18 13:46:41,466 - uvicorn.error - INFO - Shutting down
2024-10-18 13:46:41,576 - uvicorn.error - INFO - Waiting for application shutdown.
2024-10-18 13:46:41,576 - uvicorn.error - INFO - Application shutdown complete.
2024-10-18 13:46:41,577 - uvicorn.error - INFO - Finished server process [10760]
2024-10-18 13:47:06,579 - uvicorn.error - INFO - Started server process [12512]
2024-10-18 13:47:06,580 - uvicorn.error - INFO - Waiting for application startup.
2024-10-18 13:47:06,580 - uvicorn.error - INFO - Application startup complete.
2024-10-18 13:47:06,581 - uvicorn.error - INFO - Uvicorn running on http://127.0.0.1:8000 (Press CTRL+C to quit)
2024-10-18 13:47:12,702 - uvicorn.access - INFO - 127.0.0.1:51034 - "POST /reboot_tokens/?client_secret=evsnQmXW25jFQFzowrg6XyLxjBLGLTqZ0CTtLZS5v9r4mo5c89 HTTP/1.1" 200
2024-10-18 13:47:16,266 - uvicorn.error - INFO - Shutting down
2024-10-18 13:47:16,368 - uvicorn.error - INFO - Waiting for application shutdown.
2024-10-18 13:47:16,368 - uvicorn.error - INFO - Application shutdown complete.
2024-10-18 13:47:16,369 - uvicorn.error - INFO - Finished server process [12512]
2024-10-18 14:02:07,767 - uvicorn.error - INFO - Started server process [3620]
2024-10-18 14:02:07,768 - uvicorn.error - INFO - Waiting for application startup.
2024-10-18 14:02:07,769 - uvicorn.error - INFO - Application startup complete.
2024-10-18 14:02:07,769 - uvicorn.error - INFO - Uvicorn running on http://127.0.0.1:8000 (Press CTRL+C to quit)
2024-10-18 14:02:17,562 - uvicorn.access - INFO - 127.0.0.1:51392 - "POST /reboot_tokens/?client_secret=evsnQmXW25jFQFzowrg6XyLxjBLGLTqZ0CTtLZS5v9r4mo5c89 HTTP/1.1" 200
2024-10-18 14:02:48,905 - uvicorn.access - INFO - 127.0.0.1:51404 - "POST /reboot_tokens/?client_secret=evsnQmXW25jFQFzowrg6XyLxjBLGLTqZ0CTtLZS5v9r4mo5c89 HTTP/1.1" 200
2024-10-18 14:13:26,569 - uvicorn.error - INFO - Shutting down
2024-10-18 14:13:26,679 - uvicorn.error - INFO - Waiting for application shutdown.
2024-10-18 14:13:26,679 - uvicorn.error - INFO - Application shutdown complete.
2024-10-18 14:13:26,680 - uvicorn.error - INFO - Finished server process [3620]
2024-10-18 14:17:38,676 - uvicorn.error - INFO - Started server process [8536]
2024-10-18 14:17:38,677 - uvicorn.error - INFO - Waiting for application startup.
2024-10-18 14:17:38,677 - uvicorn.error - INFO - Application startup complete.
2024-10-18 14:17:38,678 - uvicorn.error - INFO - Uvicorn running on http://127.0.0.1:8000 (Press CTRL+C to quit)
2024-10-18 14:17:52,225 - uvicorn.error - INFO - Shutting down
2024-10-18 14:17:52,333 - uvicorn.error - INFO - Waiting for application shutdown.
2024-10-18 14:17:52,333 - uvicorn.error - INFO - Application shutdown complete.
2024-10-18 14:17:52,333 - uvicorn.error - INFO - Finished server process [8536]
2024-10-18 14:17:54,711 - uvicorn.error - INFO - Started server process [8652]
2024-10-18 14:17:54,711 - uvicorn.error - INFO - Waiting for application startup.
2024-10-18 14:17:54,711 - uvicorn.error - INFO - Application startup complete.
2024-10-18 14:17:54,712 - uvicorn.error - INFO - Uvicorn running on http://127.0.0.1:8000 (Press CTRL+C to quit)
2024-10-18 14:18:31,497 - uvicorn.error - INFO - Shutting down
2024-10-18 14:18:31,605 - uvicorn.error - INFO - Waiting for application shutdown.
2024-10-18 14:18:31,605 - uvicorn.error - INFO - Application shutdown complete.
2024-10-18 14:18:31,606 - uvicorn.error - INFO - Finished server process [8652]
2024-10-18 14:18:34,054 - uvicorn.error - INFO - Started server process [10152]
2024-10-18 14:18:34,054 - uvicorn.error - INFO - Waiting for application startup.
2024-10-18 14:18:34,054 - uvicorn.error - INFO - Application startup complete.
2024-10-18 14:18:34,055 - uvicorn.error - INFO - Uvicorn running on http://127.0.0.1:8000 (Press CTRL+C to quit)
2024-10-18 14:18:35,997 - uvicorn.error - INFO - Shutting down
2024-10-18 14:18:36,104 - uvicorn.error - INFO - Waiting for application shutdown.
2024-10-18 14:18:36,104 - uvicorn.error - INFO - Application shutdown complete.
2024-10-18 14:18:36,105 - uvicorn.error - INFO - Finished server process [10152]
2024-10-18 14:19:10,502 - uvicorn.error - INFO - Started server process [1440]
2024-10-18 14:19:10,503 - uvicorn.error - INFO - Waiting for application startup.
2024-10-18 14:19:10,503 - uvicorn.error - INFO - Application startup complete.
2024-10-18 14:19:10,504 - uvicorn.error - INFO - Uvicorn running on http://127.0.0.1:8000 (Press CTRL+C to quit)
2024-10-18 14:19:22,781 - uvicorn.access - INFO - 127.0.0.1:51616 - "POST /reboot_tokens/?client_secret=evsnQmXW25jFQFzowrg6XyLxjBLGLTqZ0CTtLZS5v9r4mo5c89 HTTP/1.1" 200
2024-10-18 14:20:18,375 - uvicorn.error - INFO - Shutting down
2024-10-18 14:20:18,483 - uvicorn.error - INFO - Waiting for application shutdown.
2024-10-18 14:20:18,483 - uvicorn.error - INFO - Application shutdown complete.
2024-10-18 14:20:18,483 - uvicorn.error - INFO - Finished server process [1440]
2024-10-18 14:21:08,772 - uvicorn.error - INFO - Started server process [7924]
2024-10-18 14:21:08,772 - uvicorn.error - INFO - Waiting for application startup.
2024-10-18 14:21:08,772 - uvicorn.error - INFO - Application startup complete.
2024-10-18 14:21:08,773 - uvicorn.error - INFO - Uvicorn running on http://127.0.0.1:8000 (Press CTRL+C to quit)
2024-10-18 14:23:24,272 - uvicorn.error - INFO - Shutting down
2024-10-18 14:23:24,379 - uvicorn.error - INFO - Waiting for application shutdown.
2024-10-18 14:23:24,379 - uvicorn.error - INFO - Application shutdown complete.
2024-10-18 14:23:24,380 - uvicorn.error - INFO - Finished server process [7924]
2024-10-18 14:24:57,767 - uvicorn.error - INFO - Started server process [6880]
2024-10-18 14:24:57,767 - uvicorn.error - INFO - Waiting for application startup.
2024-10-18 14:24:57,767 - uvicorn.error - INFO - Application startup complete.
2024-10-18 14:24:57,768 - uvicorn.error - INFO - Uvicorn running on http://127.0.0.1:8000 (Press CTRL+C to quit)
2024-10-18 14:25:11,824 - uvicorn.access - INFO - 127.0.0.1:51670 - "POST /reboot_tokens/?client_secret=evsnQmXW25jFQFzowrg6XyLxjBLGLTqZ0CTtLZS5v9r4mo5c89 HTTP/1.1" 200
2024-10-18 14:25:21,214 - uvicorn.access - INFO - 127.0.0.1:51674 - "POST /reboot_tokens/?client_secret=evsnQmXW25jFQFzowrg6XyLxjBLGLTqZ0CTtLZS5v9r4mo5c89 HTTP/1.1" 200
2024-10-18 14:31:44,085 - uvicorn.error - INFO - Shutting down
2024-10-18 14:31:44,194 - uvicorn.error - INFO - Waiting for application shutdown.
2024-10-18 14:31:44,194 - uvicorn.error - INFO - Application shutdown complete.
2024-10-18 14:31:44,194 - uvicorn.error - INFO - Finished server process [6880]
2024-10-18 14:37:54,110 - uvicorn.error - INFO - Started server process [11444]
2024-10-18 14:37:54,111 - uvicorn.error - INFO - Waiting for application startup.
2024-10-18 14:37:54,111 - uvicorn.error - INFO - Application startup complete.
2024-10-18 14:37:54,112 - uvicorn.error - INFO - Uvicorn running on http://127.0.0.1:8000 (Press CTRL+C to quit)
2024-10-18 14:38:29,260 - uvicorn.access - INFO - 127.0.0.1:51840 - "POST /main_handler/?method=crm.deal.get&client_secret=evsnQmXW25jFQFzowrg6XyLxjBLGLTqZ0CTtLZS5v9r4mo5c89&params=ID%3D324 HTTP/1.1" 200
2024-10-18 14:38:34,321 - uvicorn.access - INFO - 127.0.0.1:51840 - "POST /main_handler/?method=crm.deal.get&client_secret=evsnQmXW25jFQFzowrg6XyLxjBLGLTqZ0CTtLZS5v9r4mo5c89&params=ID%3D3233 HTTP/1.1" 200
2024-10-18 14:38:37,796 - uvicorn.access - INFO - 127.0.0.1:51840 - "POST /main_handler/?method=crm.deal.get&client_secret=evsnQmXW25jFQFzowrg6XyLxjBLGLTqZ0CTtLZS5v9r4mo5c89&params=ID%3D333 HTTP/1.1" 200
2024-10-18 14:38:41,745 - uvicorn.access - INFO - 127.0.0.1:51840 - "POST /main_handler/?method=crm.deal.get&client_secret=evsnQmXW25jFQFzowrg6XyLxjBLGLTqZ0CTtLZS5v9r4mo5c89&params=ID%3D354 HTTP/1.1" 200
2024-10-18 14:38:45,957 - uvicorn.access - INFO - 127.0.0.1:51840 - "POST /main_handler/?method=crm.deal.get&client_secret=evsnQmXW25jFQFzowrg6XyLxjBLGLTqZ0CTtLZS5v9r4mo5c89&params=ID%3D355 HTTP/1.1" 200
2024-10-18 14:39:27,074 - uvicorn.error - INFO - Shutting down
2024-10-18 14:39:27,188 - uvicorn.error - INFO - Waiting for application shutdown.
2024-10-18 14:39:27,188 - uvicorn.error - INFO - Application shutdown complete.
2024-10-18 14:39:27,188 - uvicorn.error - INFO - Finished server process [11444]
